<?xml version="1.0" encoding="UTF-8"?>
<testsuite name="CarTest" tests="5" skipped="0" failures="0" errors="0" timestamp="2020-08-06T01:08:27" hostname="masons-mbp.lan" time="0.069">
  <properties/>
  <testcase name="ShouldFillWithGas()" classname="CarTest" time="0.015"/>
  <testcase name="ShouldIncrementOdometerWhenDriving()" classname="CarTest" time="0.001"/>
  <testcase name="testSaveRadioStations()" classname="CarTest" time="0.01"/>
  <testcase name="ShouldRecordTripsWhenDriving()" classname="CarTest" time="0.0"/>
  <testcase name="ShouldUseGasWhenDriving()" classname="CarTest" time="0.004"/>
  <system-out><![CDATA[]]></system-out>
  <system-err><![CDATA[]]></system-err>
</testsuite>
